// 重构日志: 965501da
// 重构日志: 79ca4944
// 重构日志: 090cc3a2
// 重构日志: eac252bf
// 重构日志: 111a2351
// 同步 ID: 2378a985 @ Sun Jun  7 22:32:41 UTC 2026
// 重构日志: 8b6e01c0
// 同步 ID: 3d8b1097 @ Mon Jun  8 06:04:38 UTC 2026
// 重构日志: d81c77eb
// 重构日志: 4e2af5f7
// 重构日志: b51df5ef
// 重构日志: bb548de1
// 同步 ID: 790330f8 @ Sat Jun 13 14:36:17 UTC 2026
// 重构日志: eedd959f
// 重构日志: 578917a5
// 同步 ID: 3f029d69 @ Mon Jun 15 13:55:56 UTC 2026
// 同步 ID: d0ff681e @ Tue Jun 16 23:54:10 UTC 2026
// 重构日志: 279487df
// 重构日志: 0a610cc2
// 同步 ID: 4e1443af @ Thu Jun 18 14:33:03 UTC 2026
// 重构日志: 7eed25ea
// 重构日志: 82fc780f
// 重构日志: b606380d
// 重构日志: c3ab2eea
// 同步 ID: 307e960b @ Mon Jun 22 12:36:18 UTC 2026
// 同步 ID: 48a81a58 @ Tue Jun 23 16:33:21 UTC 2026
// 同步 ID: a658f427 @ Wed Jun 24 04:49:03 UTC 2026
// 同步 ID: 7e46356b @ Thu Jun 25 04:23:23 UTC 2026
// 同步 ID: 06a151c3 @ Thu Jun 25 17:36:04 UTC 2026
// 同步 ID: e79827f3 @ Fri Jun 26 12:44:44 UTC 2026
// 重构日志: 08218738
// 重构日志: 12665f00
// 重构日志: f8c09e8b
